
*** Running vivado
    with args -log top_module.vds -m64 -mode batch -messageDb vivado.pb -notrace -source top_module.tcl


****** Vivado v2015.4 (64-bit)
  **** SW Build 1412921 on Wed Nov 18 09:43:45 MST 2015
  **** IP Build 1412160 on Tue Nov 17 13:47:24 MST 2015
    ** Copyright 1986-2015 Xilinx, Inc. All Rights Reserved.

source top_module.tcl -notrace
Command: synth_design -top top_module -part xc7a35ticpg236-1L
Starting synth_design
Attempting to get a license for feature 'Synthesis' and/or device 'xc7a35ti'
INFO: [Common 17-349] Got license for feature 'Synthesis' and/or device 'xc7a35ti'
---------------------------------------------------------------------------------
Starting RTL Elaboration : Time (s): cpu = 00:00:04 ; elapsed = 00:00:07 . Memory (MB): peak = 260.430 ; gain = 88.789
---------------------------------------------------------------------------------
INFO: [Synth 8-638] synthesizing module 'top_module' [D:/Y2_ALL/CPE_digital/GAniga/Ganiga.srcs/sources_1/new/top_module.v:23]
INFO: [Synth 8-638] synthesizing module 'game_tick' [D:/Y2_ALL/CPE_digital/GAniga/Ganiga.srcs/sources_1/new/game_tick.v:23]
	Parameter CLK_HZ bound to: 100000000 - type: integer 
	Parameter TICK_HZ bound to: 60 - type: integer 
	Parameter COUNT_MAX bound to: 1666665 - type: integer 
INFO: [Synth 8-256] done synthesizing module 'game_tick' (1#1) [D:/Y2_ALL/CPE_digital/GAniga/Ganiga.srcs/sources_1/new/game_tick.v:23]
INFO: [Synth 8-638] synthesizing module 'vga_sync' [D:/Y2_ALL/CPE_digital/GAniga/Ganiga.srcs/sources_1/new/vga_sync.v:23]
INFO: [Synth 8-256] done synthesizing module 'vga_sync' (2#1) [D:/Y2_ALL/CPE_digital/GAniga/Ganiga.srcs/sources_1/new/vga_sync.v:23]
INFO: [Synth 8-638] synthesizing module 'game_engine' [D:/Y2_ALL/CPE_digital/GAniga/Ganiga.srcs/sources_1/new/game_engine.v:23]
INFO: [Synth 8-638] synthesizing module 'menu_fsm' [D:/Y2_ALL/CPE_digital/GAniga/Ganiga.srcs/sources_1/new/menu_fsm.v:5]
	Parameter ST_MENU bound to: 1'b0 
	Parameter ST_PLAY bound to: 1'b1 
INFO: [Synth 8-256] done synthesizing module 'menu_fsm' (3#1) [D:/Y2_ALL/CPE_digital/GAniga/Ganiga.srcs/sources_1/new/menu_fsm.v:5]
INFO: [Synth 8-638] synthesizing module 'player_control' [D:/Y2_ALL/CPE_digital/GAniga/Ganiga.srcs/sources_1/new/player_control.v:23]
	Parameter START_X bound to: 320 - type: integer 
	Parameter START_Y bound to: 440 - type: integer 
	Parameter SPEED bound to: 4 - type: integer 
	Parameter PLAYER_W bound to: 16 - type: integer 
	Parameter SCREEN_W bound to: 640 - type: integer 
INFO: [Synth 8-256] done synthesizing module 'player_control' (4#1) [D:/Y2_ALL/CPE_digital/GAniga/Ganiga.srcs/sources_1/new/player_control.v:23]
INFO: [Synth 8-638] synthesizing module 'enemy_control' [D:/Y2_ALL/CPE_digital/GAniga/Ganiga.srcs/sources_1/new/enemy_control.v:22]
	Parameter START_X bound to: 100 - type: integer 
	Parameter START_Y bound to: 50 - type: integer 
	Parameter ENEMY_W bound to: 32 - type: integer 
	Parameter ENEMY_H bound to: 32 - type: integer 
	Parameter GAP bound to: 16 - type: integer 
	Parameter COUNT bound to: 5 - type: integer 
	Parameter MOVE_DELAY bound to: 30 - type: integer 
	Parameter STEP_X bound to: 1 - type: integer 
	Parameter STEP_Y bound to: 10 - type: integer 
INFO: [Synth 8-256] done synthesizing module 'enemy_control' (5#1) [D:/Y2_ALL/CPE_digital/GAniga/Ganiga.srcs/sources_1/new/enemy_control.v:22]
INFO: [Synth 8-638] synthesizing module 'bullet' [D:/Y2_ALL/CPE_digital/GAniga/Ganiga.srcs/sources_1/new/bullet.v:3]
	Parameter BULLET_W bound to: 2 - type: integer 
	Parameter BULLET_H bound to: 6 - type: integer 
INFO: [Synth 8-256] done synthesizing module 'bullet' (6#1) [D:/Y2_ALL/CPE_digital/GAniga/Ganiga.srcs/sources_1/new/bullet.v:3]
WARNING: [Synth 8-350] instance 'bullet_inst' of module 'bullet' requires 10 connections, but only 9 given [D:/Y2_ALL/CPE_digital/GAniga/Ganiga.srcs/sources_1/new/game_engine.v:84]
INFO: [Synth 8-256] done synthesizing module 'game_engine' (7#1) [D:/Y2_ALL/CPE_digital/GAniga/Ganiga.srcs/sources_1/new/game_engine.v:23]
INFO: [Synth 8-638] synthesizing module 'renderer' [D:/Y2_ALL/CPE_digital/GAniga/Ganiga.srcs/sources_1/new/renderer.v:23]
	Parameter MENU_SCALE bound to: 4 - type: integer 
	Parameter MENU_LEN bound to: 4 - type: integer 
	Parameter MENU_W bound to: 128 - type: integer 
	Parameter MENU_H bound to: 32 - type: integer 
	Parameter MENU_X0 bound to: 256 - type: integer 
	Parameter MENU_Y0 bound to: 120 - type: integer 
	Parameter PROMPT_SCALE bound to: 2 - type: integer 
	Parameter PROMPT_LEN bound to: 15 - type: integer 
	Parameter PROMPT_W bound to: 240 - type: integer 
	Parameter PROMPT_H bound to: 16 - type: integer 
	Parameter PROMPT_X0 bound to: 200 - type: integer 
	Parameter PROMPT_Y0 bound to: 300 - type: integer 
	Parameter BULLET_W bound to: 2 - type: integer 
	Parameter BULLET_H bound to: 6 - type: integer 
INFO: [Synth 8-638] synthesizing module 'player_sprite' [D:/Y2_ALL/CPE_digital/GAniga/Ganiga.srcs/sources_1/new/player_sprite.v:1]
	Parameter SPRITE_W bound to: 16 - type: integer 
	Parameter SPRITE_H bound to: 16 - type: integer 
INFO: [Synth 8-638] synthesizing module 'player_sprite_rom' [D:/Y2_ALL/CPE_digital/GAniga/Ganiga.srcs/sources_1/new/player_sprite_rom.v:3]
INFO: [Synth 8-5534] Detected attribute (* rom_style = "block" *) [D:/Y2_ALL/CPE_digital/GAniga/Ganiga.srcs/sources_1/new/player_sprite_rom.v:10]
INFO: [Synth 8-3876] $readmem data file 'player_1.mem' is read successfully [D:/Y2_ALL/CPE_digital/GAniga/Ganiga.srcs/sources_1/new/player_sprite_rom.v:14]
INFO: [Synth 8-256] done synthesizing module 'player_sprite_rom' (8#1) [D:/Y2_ALL/CPE_digital/GAniga/Ganiga.srcs/sources_1/new/player_sprite_rom.v:3]
INFO: [Synth 8-256] done synthesizing module 'player_sprite' (9#1) [D:/Y2_ALL/CPE_digital/GAniga/Ganiga.srcs/sources_1/new/player_sprite.v:1]
INFO: [Synth 8-638] synthesizing module 'enemy_sprite' [D:/Y2_ALL/CPE_digital/GAniga/Ganiga.srcs/sources_1/new/enemy_sprite.v:23]
	Parameter ENEMY_W bound to: 32 - type: integer 
	Parameter ENEMY_H bound to: 32 - type: integer 
	Parameter GAP bound to: 16 - type: integer 
INFO: [Synth 8-256] done synthesizing module 'enemy_sprite' (10#1) [D:/Y2_ALL/CPE_digital/GAniga/Ganiga.srcs/sources_1/new/enemy_sprite.v:23]
INFO: [Synth 8-638] synthesizing module 'font8x8_rom' [D:/Y2_ALL/CPE_digital/GAniga/Ganiga.srcs/sources_1/new/font8x8_rom.v:4]
INFO: [Synth 8-256] done synthesizing module 'font8x8_rom' (11#1) [D:/Y2_ALL/CPE_digital/GAniga/Ganiga.srcs/sources_1/new/font8x8_rom.v:4]
INFO: [Synth 8-256] done synthesizing module 'renderer' (12#1) [D:/Y2_ALL/CPE_digital/GAniga/Ganiga.srcs/sources_1/new/renderer.v:23]
INFO: [Synth 8-256] done synthesizing module 'top_module' (13#1) [D:/Y2_ALL/CPE_digital/GAniga/Ganiga.srcs/sources_1/new/top_module.v:23]
WARNING: [Synth 8-3331] design top_module has unconnected port sw0
WARNING: [Synth 8-3331] design top_module has unconnected port sw1
WARNING: [Synth 8-3331] design top_module has unconnected port sw2
---------------------------------------------------------------------------------
Finished RTL Elaboration : Time (s): cpu = 00:00:05 ; elapsed = 00:00:08 . Memory (MB): peak = 297.824 ; gain = 126.184
---------------------------------------------------------------------------------

Report Check Netlist: 
+------+------------------+-------+---------+-------+------------------+
|      |Item              |Errors |Warnings |Status |Description       |
+------+------------------+-------+---------+-------+------------------+
|1     |multi_driven_nets |      0|        0|Passed |Multi driven nets |
+------+------------------+-------+---------+-------+------------------+
WARNING: [Synth 8-3295] tying undriven pin bullet_inst:hit to constant 0 [D:/Y2_ALL/CPE_digital/GAniga/Ganiga.srcs/sources_1/new/game_engine.v:84]
---------------------------------------------------------------------------------
Finished RTL Optimization Phase 1 : Time (s): cpu = 00:00:05 ; elapsed = 00:00:08 . Memory (MB): peak = 297.824 ; gain = 126.184
---------------------------------------------------------------------------------
INFO: [Device 21-403] Loading part xc7a35ticpg236-1L
INFO: [Project 1-570] Preparing netlist for logic optimization

Processing XDC Constraints
Initializing timing engine
Parsing XDC File [D:/Y2_ALL/CPE_digital/lab10/Ganiga/ganiga.srcs/constrs_1/new/Ganiga_constraints.xdc]
Finished Parsing XDC File [D:/Y2_ALL/CPE_digital/lab10/Ganiga/ganiga.srcs/constrs_1/new/Ganiga_constraints.xdc]
INFO: [Project 1-236] Implementation specific constraints were found while reading constraint file [D:/Y2_ALL/CPE_digital/lab10/Ganiga/ganiga.srcs/constrs_1/new/Ganiga_constraints.xdc]. These constraints will be ignored for synthesis but will be used in implementation. Impacted constraints are listed in the file [.Xil/top_module_propImpl.xdc].
Resolution: To avoid this warning, move constraints listed in [.Xil/top_module_propImpl.xdc] to another XDC file and exclude this new file from synthesis with the used_in_synthesis property (File Properties dialog in GUI) and re-run elaboration/synthesis.
Completed Processing XDC Constraints

INFO: [Project 1-111] Unisim Transformation Summary:
No Unisim elements were transformed.

Constraint Validation Runtime : Time (s): cpu = 00:00:00 ; elapsed = 00:00:00.002 . Memory (MB): peak = 579.203 ; gain = 0.000
---------------------------------------------------------------------------------
Finished Constraint Validation : Time (s): cpu = 00:00:10 ; elapsed = 00:00:13 . Memory (MB): peak = 579.203 ; gain = 407.563
---------------------------------------------------------------------------------
---------------------------------------------------------------------------------
Start Loading Part and Timing Information
---------------------------------------------------------------------------------
Loading part: xc7a35ticpg236-1L
---------------------------------------------------------------------------------
Finished Loading Part and Timing Information : Time (s): cpu = 00:00:10 ; elapsed = 00:00:13 . Memory (MB): peak = 579.203 ; gain = 407.563
---------------------------------------------------------------------------------
---------------------------------------------------------------------------------
Start Applying 'set_property' XDC Constraints
---------------------------------------------------------------------------------
---------------------------------------------------------------------------------
Finished applying 'set_property' XDC Constraints : Time (s): cpu = 00:00:10 ; elapsed = 00:00:13 . Memory (MB): peak = 579.203 ; gain = 407.563
---------------------------------------------------------------------------------
INFO: [Synth 8-5545] ROM "counter_r" won't be mapped to RAM because address size (32) is larger than maximum supported(25)
INFO: [Synth 8-5545] ROM "tick_o" won't be mapped to RAM because address size (32) is larger than maximum supported(25)
INFO: [Synth 8-5544] ROM "xc_next" won't be mapped to Block RAM because address size (2) smaller than threshold (5)
INFO: [Synth 8-5546] ROM "xc_next" won't be mapped to RAM because it is too sparse
INFO: [Synth 8-3537] HDL ADVISOR - The operator resource <adder> is shared. To prevent sharing consider applying a KEEP on the inputs of the operator [D:/Y2_ALL/CPE_digital/GAniga/Ganiga.srcs/sources_1/new/enemy_control.v:78]
INFO: [Synth 8-5546] ROM "enemies_alive" won't be mapped to RAM because it is too sparse
INFO: [Synth 8-5547] Trying to map ROM "rom_memory" into Block RAM due to explicit "ram_style" or "rom_style" specification
INFO: [Synth 8-5546] ROM "menu_fill_g" won't be mapped to RAM because it is too sparse
INFO: [Synth 8-5544] ROM "menu_char" won't be mapped to Block RAM because address size (4) smaller than threshold (5)
INFO: [Synth 8-5587] ROM size for "prompt_char" is below threshold of ROM address width. It will be mapped to LUTs
---------------------------------------------------------------------------------
Finished RTL Optimization Phase 2 : Time (s): cpu = 00:00:10 ; elapsed = 00:00:13 . Memory (MB): peak = 579.203 ; gain = 407.563
---------------------------------------------------------------------------------

Report RTL Partitions: 
+-+--------------+------------+----------+
| |RTL Partition |Replication |Instances |
+-+--------------+------------+----------+
+-+--------------+------------+----------+
---------------------------------------------------------------------------------
Start RTL Component Statistics 
---------------------------------------------------------------------------------
Detailed RTL Component Info : 
+---Adders : 
	   2 Input     32 Bit       Adders := 1     
	   3 Input     13 Bit       Adders := 8     
	   3 Input     12 Bit       Adders := 8     
	   2 Input     11 Bit       Adders := 9     
	   2 Input     10 Bit       Adders := 12    
	   3 Input      8 Bit       Adders := 1     
	   2 Input      6 Bit       Adders := 1     
	   2 Input      3 Bit       Adders := 4     
	   2 Input      2 Bit       Adders := 1     
+---XORs : 
	   2 Input      1 Bit         XORs := 2     
+---Registers : 
	               32 Bit    Registers := 1     
	               12 Bit    Registers := 1     
	               10 Bit    Registers := 9     
	                6 Bit    Registers := 1     
	                5 Bit    Registers := 1     
	                2 Bit    Registers := 1     
	                1 Bit    Registers := 9     
+---ROMs : 
	                              ROMs := 1     
+---Muxes : 
	   2 Input     10 Bit        Muxes := 6     
	   8 Input      7 Bit        Muxes := 44    
	   2 Input      7 Bit        Muxes := 6     
	   4 Input      7 Bit        Muxes := 1     
	  16 Input      7 Bit        Muxes := 1     
	   2 Input      6 Bit        Muxes := 2     
	   8 Input      6 Bit        Muxes := 8     
	   2 Input      5 Bit        Muxes := 4     
	   2 Input      4 Bit        Muxes := 32    
	   5 Input      4 Bit        Muxes := 1     
	   2 Input      3 Bit        Muxes := 4     
	   2 Input      2 Bit        Muxes := 2     
	   3 Input      1 Bit        Muxes := 1     
	   2 Input      1 Bit        Muxes := 38    
---------------------------------------------------------------------------------
Finished RTL Component Statistics 
---------------------------------------------------------------------------------
---------------------------------------------------------------------------------
Start RTL Hierarchical Component Statistics 
---------------------------------------------------------------------------------
Hierarchical RTL Component report 
Module game_tick 
Detailed RTL Component Info : 
+---Adders : 
	   2 Input     32 Bit       Adders := 1     
+---Registers : 
	               32 Bit    Registers := 1     
	                1 Bit    Registers := 1     
Module vga_sync 
Detailed RTL Component Info : 
+---Adders : 
	   2 Input     10 Bit       Adders := 2     
	   2 Input      2 Bit       Adders := 1     
+---Registers : 
	               10 Bit    Registers := 4     
	                2 Bit    Registers := 1     
	                1 Bit    Registers := 2     
+---Muxes : 
	   2 Input      2 Bit        Muxes := 1     
	   3 Input      1 Bit        Muxes := 1     
	   2 Input      1 Bit        Muxes := 2     
Module menu_fsm 
Detailed RTL Component Info : 
+---Registers : 
	                1 Bit    Registers := 1     
Module player_control 
Detailed RTL Component Info : 
+---Adders : 
	   2 Input     10 Bit       Adders := 1     
+---Registers : 
	               10 Bit    Registers := 1     
+---Muxes : 
	   2 Input      1 Bit        Muxes := 1     
Module enemy_control 
Detailed RTL Component Info : 
+---Adders : 
	   3 Input     13 Bit       Adders := 4     
	   3 Input     12 Bit       Adders := 2     
	   2 Input     11 Bit       Adders := 5     
	   2 Input     10 Bit       Adders := 2     
	   2 Input      6 Bit       Adders := 1     
+---Registers : 
	               10 Bit    Registers := 2     
	                6 Bit    Registers := 1     
	                5 Bit    Registers := 1     
	                1 Bit    Registers := 2     
+---Muxes : 
	   2 Input     10 Bit        Muxes := 2     
	   2 Input      6 Bit        Muxes := 2     
	   2 Input      5 Bit        Muxes := 4     
	   2 Input      1 Bit        Muxes := 17    
Module bullet 
Detailed RTL Component Info : 
+---Adders : 
	   2 Input     10 Bit       Adders := 3     
+---Registers : 
	               10 Bit    Registers := 2     
	                1 Bit    Registers := 2     
+---Muxes : 
	   2 Input     10 Bit        Muxes := 4     
	   2 Input      1 Bit        Muxes := 10    
Module player_sprite_rom 
Detailed RTL Component Info : 
+---Registers : 
	               12 Bit    Registers := 1     
+---ROMs : 
	                              ROMs := 1     
Module player_sprite 
Detailed RTL Component Info : 
+---Adders : 
	   3 Input     12 Bit       Adders := 2     
	   3 Input      8 Bit       Adders := 1     
+---Registers : 
	                1 Bit    Registers := 1     
+---Muxes : 
	   2 Input      4 Bit        Muxes := 3     
Module enemy_sprite 
Detailed RTL Component Info : 
+---Adders : 
	   3 Input     13 Bit       Adders := 4     
	   3 Input     12 Bit       Adders := 2     
	   2 Input     11 Bit       Adders := 4     
+---Muxes : 
	   2 Input      4 Bit        Muxes := 8     
	   2 Input      1 Bit        Muxes := 8     
Module font8x8_rom 
Detailed RTL Component Info : 
+---Muxes : 
	   8 Input      7 Bit        Muxes := 11    
	   2 Input      7 Bit        Muxes := 1     
	   8 Input      6 Bit        Muxes := 2     
Module renderer 
Detailed RTL Component Info : 
+---Adders : 
	   3 Input     12 Bit       Adders := 2     
	   2 Input     10 Bit       Adders := 4     
	   2 Input      3 Bit       Adders := 4     
+---XORs : 
	   2 Input      1 Bit         XORs := 2     
+---Muxes : 
	   2 Input      7 Bit        Muxes := 2     
	   4 Input      7 Bit        Muxes := 1     
	  16 Input      7 Bit        Muxes := 1     
	   2 Input      4 Bit        Muxes := 21    
	   5 Input      4 Bit        Muxes := 1     
	   2 Input      3 Bit        Muxes := 4     
	   2 Input      2 Bit        Muxes := 1     
---------------------------------------------------------------------------------
Finished RTL Hierarchical Component Statistics
---------------------------------------------------------------------------------
---------------------------------------------------------------------------------
Start Part Resource Summary
---------------------------------------------------------------------------------
Part Resources:
DSPs: 90 (col length:60)
BRAMs: 100 (col length: RAMB18 60 RAMB36 30)
---------------------------------------------------------------------------------
Finished Part Resource Summary
---------------------------------------------------------------------------------
Start Parallel Synthesis Optimization  : Time (s): cpu = 00:00:10 ; elapsed = 00:00:14 . Memory (MB): peak = 579.203 ; gain = 407.563
---------------------------------------------------------------------------------
Start Cross Boundary Optimization
---------------------------------------------------------------------------------
INFO: [Synth 8-5545] ROM "counter_r" won't be mapped to RAM because address size (32) is larger than maximum supported(25)
INFO: [Synth 8-5545] ROM "tick_o" won't be mapped to RAM because address size (32) is larger than maximum supported(25)
INFO: [Synth 8-5547] Trying to map ROM "p_0_out" into Block RAM due to explicit "ram_style" or "rom_style" specification
WARNING: [Synth 8-3331] design top_module has unconnected port sw0
WARNING: [Synth 8-3331] design top_module has unconnected port sw1
WARNING: [Synth 8-3331] design top_module has unconnected port sw2
---------------------------------------------------------------------------------
Finished Cross Boundary Optimization : Time (s): cpu = 00:00:11 ; elapsed = 00:00:14 . Memory (MB): peak = 579.203 ; gain = 407.563
---------------------------------------------------------------------------------
Finished Parallel Reinference  : Time (s): cpu = 00:00:11 ; elapsed = 00:00:14 . Memory (MB): peak = 579.203 ; gain = 407.563

Report RTL Partitions: 
+-+--------------+------------+----------+
| |RTL Partition |Replication |Instances |
+-+--------------+------------+----------+
+-+--------------+------------+----------+
---------------------------------------------------------------------------------
Start ROM, RAM, DSP and Shift Register Reporting
---------------------------------------------------------------------------------

ROM:
+------------------+------------+---------------+----------------+
|Module Name       | RTL Object | Depth x Width | Implemented As | 
+------------------+------------+---------------+----------------+
|player_sprite_rom | extrom     | 256x12        | Block RAM      | 
|player_sprite     | extrom     | 256x12        | Block RAM      | 
+------------------+------------+---------------+----------------+

---------------------------------------------------------------------------------
Finished ROM, RAM, DSP and Shift Register Reporting
---------------------------------------------------------------------------------
---------------------------------------------------------------------------------
Start Area Optimization
---------------------------------------------------------------------------------
INFO: [Synth 8-3333] propagating constant 0 across sequential element (\engine/p_0_out_inferred /\engine/p_ctrl/x_reg[0] )
WARNING: [Synth 8-3332] Sequential element (\engine/p_ctrl/x_reg[0] ) is unused and will be removed from module top_module.
WARNING: [Synth 8-3332] Sequential element (\engine/bullet_inst/bullet_x_reg[0] ) is unused and will be removed from module top_module.
WARNING: [Synth 8-3332] Sequential element (\engine/e_ctrl/group_y_reg[0] ) is unused and will be removed from module top_module.
WARNING: [Synth 8-3332] Sequential element (\engine/bullet_inst/bullet_y_reg[0] ) is unused and will be removed from module top_module.
WARNING: [Synth 8-3332] Sequential element (\ren/frame_cnt_reg[6] ) is unused and will be removed from module top_module.
WARNING: [Synth 8-3332] Sequential element (\ren/frame_cnt_reg[7] ) is unused and will be removed from module top_module.
WARNING: [Synth 8-3332] Sequential element (\ren/frame_cnt_reg[8] ) is unused and will be removed from module top_module.
WARNING: [Synth 8-3332] Sequential element (\ren/frame_cnt_reg[9] ) is unused and will be removed from module top_module.
WARNING: [Synth 8-3332] Sequential element (\ren/frame_cnt_reg[10] ) is unused and will be removed from module top_module.
WARNING: [Synth 8-3332] Sequential element (\ren/frame_cnt_reg[11] ) is unused and will be removed from module top_module.
WARNING: [Synth 8-3332] Sequential element (\ren/frame_cnt_reg[12] ) is unused and will be removed from module top_module.
WARNING: [Synth 8-3332] Sequential element (\ren/frame_cnt_reg[13] ) is unused and will be removed from module top_module.
WARNING: [Synth 8-3332] Sequential element (\ren/frame_cnt_reg[14] ) is unused and will be removed from module top_module.
WARNING: [Synth 8-3332] Sequential element (\ren/frame_cnt_reg[15] ) is unused and will be removed from module top_module.
INFO: [Synth 8-3333] propagating constant 0 across sequential element (\engine/e_ctrl/move_timer_reg[5] )
WARNING: [Synth 8-3332] Sequential element (\engine/e_ctrl/move_timer_reg[5] ) is unused and will be removed from module top_module.
---------------------------------------------------------------------------------
Finished Area Optimization : Time (s): cpu = 00:00:13 ; elapsed = 00:00:16 . Memory (MB): peak = 579.203 ; gain = 407.563
---------------------------------------------------------------------------------
Finished Parallel Area Optimization  : Time (s): cpu = 00:00:13 ; elapsed = 00:00:16 . Memory (MB): peak = 579.203 ; gain = 407.563

Report RTL Partitions: 
+-+--------------+------------+----------+
| |RTL Partition |Replication |Instances |
+-+--------------+------------+----------+
+-+--------------+------------+----------+
---------------------------------------------------------------------------------
Start Timing Optimization
---------------------------------------------------------------------------------
---------------------------------------------------------------------------------
Start Applying XDC Timing Constraints
---------------------------------------------------------------------------------
---------------------------------------------------------------------------------
Finished Applying XDC Timing Constraints : Time (s): cpu = 00:00:20 ; elapsed = 00:00:23 . Memory (MB): peak = 579.203 ; gain = 407.563
---------------------------------------------------------------------------------
---------------------------------------------------------------------------------
Finished Timing Optimization : Time (s): cpu = 00:00:20 ; elapsed = 00:00:23 . Memory (MB): peak = 579.203 ; gain = 407.563
---------------------------------------------------------------------------------

Report RTL Partitions: 
+-+--------------+------------+----------+
| |RTL Partition |Replication |Instances |
+-+--------------+------------+----------+
+-+--------------+------------+----------+
---------------------------------------------------------------------------------
Start Technology Mapping
---------------------------------------------------------------------------------
INFO: [Synth 8-4480] The timing for the instance \ren/spr_player/player_rom/data_reg  (implemented as a block RAM) might be sub-optimal as no optional output register could be merged into the block ram. Providing additional output register may help in improving timing.
---------------------------------------------------------------------------------
Finished Technology Mapping : Time (s): cpu = 00:00:20 ; elapsed = 00:00:23 . Memory (MB): peak = 594.770 ; gain = 423.129
---------------------------------------------------------------------------------
Finished Parallel Technology Mapping Optimization  : Time (s): cpu = 00:00:20 ; elapsed = 00:00:23 . Memory (MB): peak = 594.770 ; gain = 423.129

Report RTL Partitions: 
+-+--------------+------------+----------+
| |RTL Partition |Replication |Instances |
+-+--------------+------------+----------+
+-+--------------+------------+----------+
Finished Parallel Synthesis Optimization  : Time (s): cpu = 00:00:20 ; elapsed = 00:00:23 . Memory (MB): peak = 594.770 ; gain = 423.129
---------------------------------------------------------------------------------
Start IO Insertion
---------------------------------------------------------------------------------
---------------------------------------------------------------------------------
Start Flattening Before IO Insertion
---------------------------------------------------------------------------------
---------------------------------------------------------------------------------
Finished Flattening Before IO Insertion
---------------------------------------------------------------------------------
---------------------------------------------------------------------------------
Start Final Netlist Cleanup
---------------------------------------------------------------------------------
---------------------------------------------------------------------------------
Finished Final Netlist Cleanup
---------------------------------------------------------------------------------
---------------------------------------------------------------------------------
Finished IO Insertion : Time (s): cpu = 00:00:20 ; elapsed = 00:00:24 . Memory (MB): peak = 594.770 ; gain = 423.129
---------------------------------------------------------------------------------

Report Check Netlist: 
+------+------------------+-------+---------+-------+------------------+
|      |Item              |Errors |Warnings |Status |Description       |
+------+------------------+-------+---------+-------+------------------+
|1     |multi_driven_nets |      0|        0|Passed |Multi driven nets |
+------+------------------+-------+---------+-------+------------------+
---------------------------------------------------------------------------------
Start Renaming Generated Instances
---------------------------------------------------------------------------------
---------------------------------------------------------------------------------
Finished Renaming Generated Instances : Time (s): cpu = 00:00:20 ; elapsed = 00:00:24 . Memory (MB): peak = 594.770 ; gain = 423.129
---------------------------------------------------------------------------------

Report RTL Partitions: 
+-+--------------+------------+----------+
| |RTL Partition |Replication |Instances |
+-+--------------+------------+----------+
+-+--------------+------------+----------+
---------------------------------------------------------------------------------
Start Rebuilding User Hierarchy
---------------------------------------------------------------------------------
---------------------------------------------------------------------------------
Finished Rebuilding User Hierarchy : Time (s): cpu = 00:00:20 ; elapsed = 00:00:24 . Memory (MB): peak = 594.770 ; gain = 423.129
---------------------------------------------------------------------------------
---------------------------------------------------------------------------------
Start Renaming Generated Ports
---------------------------------------------------------------------------------
---------------------------------------------------------------------------------
Finished Renaming Generated Ports : Time (s): cpu = 00:00:20 ; elapsed = 00:00:24 . Memory (MB): peak = 594.770 ; gain = 423.129
---------------------------------------------------------------------------------
---------------------------------------------------------------------------------
Start Handling Custom Attributes
---------------------------------------------------------------------------------
---------------------------------------------------------------------------------
Finished Handling Custom Attributes : Time (s): cpu = 00:00:20 ; elapsed = 00:00:24 . Memory (MB): peak = 594.770 ; gain = 423.129
---------------------------------------------------------------------------------
---------------------------------------------------------------------------------
Start Renaming Generated Nets
---------------------------------------------------------------------------------
---------------------------------------------------------------------------------
Finished Renaming Generated Nets : Time (s): cpu = 00:00:20 ; elapsed = 00:00:24 . Memory (MB): peak = 594.770 ; gain = 423.129
---------------------------------------------------------------------------------
---------------------------------------------------------------------------------
Start Writing Synthesis Report
---------------------------------------------------------------------------------

Report BlackBoxes: 
+-+--------------+----------+
| |BlackBox name |Instances |
+-+--------------+----------+
+-+--------------+----------+

Report Cell Usage: 
+------+---------+------+
|      |Cell     |Count |
+------+---------+------+
|1     |BUFG     |     1|
|2     |CARRY4   |   107|
|3     |LUT1     |    75|
|4     |LUT2     |   184|
|5     |LUT3     |    65|
|6     |LUT4     |   192|
|7     |LUT5     |   119|
|8     |LUT6     |   193|
|9     |RAMB18E1 |     1|
|10    |FDCE     |    27|
|11    |FDPE     |    13|
|12    |FDRE     |   105|
|13    |IBUF     |     5|
|14    |OBUF     |    14|
+------+---------+------+

Report Instance Areas: 
+------+-----------------+------------------+------+
|      |Instance         |Module            |Cells |
+------+-----------------+------------------+------+
|1     |top              |                  |  1101|
|2     |  engine         |game_engine       |   584|
|3     |    bullet_inst  |bullet            |   145|
|4     |    e_ctrl       |enemy_control     |   372|
|5     |    p_ctrl       |player_control    |    60|
|6     |    u_menu       |menu_fsm          |     4|
|7     |  game_tick_i    |game_tick         |   114|
|8     |  ren            |renderer          |    22|
|9     |    spr_player   |player_sprite     |     8|
|10    |      player_rom |player_sprite_rom |     1|
|11    |  vga_driver     |vga_sync          |   361|
+------+-----------------+------------------+------+
---------------------------------------------------------------------------------
Finished Writing Synthesis Report : Time (s): cpu = 00:00:20 ; elapsed = 00:00:24 . Memory (MB): peak = 594.770 ; gain = 423.129
---------------------------------------------------------------------------------
Synthesis finished with 0 errors, 0 critical warnings and 18 warnings.
Synthesis Optimization Runtime : Time (s): cpu = 00:00:12 ; elapsed = 00:00:16 . Memory (MB): peak = 594.770 ; gain = 125.883
Synthesis Optimization Complete : Time (s): cpu = 00:00:20 ; elapsed = 00:00:24 . Memory (MB): peak = 594.770 ; gain = 423.129
INFO: [Project 1-571] Translating synthesized netlist
INFO: [Netlist 29-17] Analyzing 113 Unisim elements for replacement
INFO: [Netlist 29-28] Unisim Transformation completed in 0 CPU seconds
INFO: [Project 1-570] Preparing netlist for logic optimization
INFO: [Opt 31-138] Pushed 0 inverter(s) to 0 load pin(s).
INFO: [Project 1-111] Unisim Transformation Summary:
No Unisim elements were transformed.

INFO: [Common 17-83] Releasing license: Synthesis
56 Infos, 23 Warnings, 0 Critical Warnings and 0 Errors encountered.
synth_design completed successfully
synth_design: Time (s): cpu = 00:00:19 ; elapsed = 00:00:20 . Memory (MB): peak = 594.770 ; gain = 407.262
report_utilization: Time (s): cpu = 00:00:00 ; elapsed = 00:00:00.011 . Memory (MB): peak = 594.770 ; gain = 0.000
INFO: [Common 17-206] Exiting Vivado at Sat Dec 13 13:31:23 2025...
