Copyright 1986-2015 Xilinx, Inc. All Rights Reserved.
---------------------------------------------------------------------------------------
| Tool Version : Vivado v.2015.4 (win64) Build 1412921 Wed Nov 18 09:43:45 MST 2015
| Date         : Sat Dec 13 15:09:13 2025
| Host         : Kawiii running 64-bit major release  (build 9200)
| Command      : report_control_sets -verbose -file top_module_control_sets_placed.rpt
| Design       : top_module
| Device       : xc7a35ti
---------------------------------------------------------------------------------------

Control Set Information

Table of Contents
-----------------
1. Summary
2. Flip-Flop Distribution
3. Detailed Control Set Information

1. Summary
----------

+-------------------------------------------------------------------+-------+
|                               Status                              | Count |
+-------------------------------------------------------------------+-------+
| Number of unique control sets                                     |    11 |
| Minimum Number of register sites lost to control set restrictions |    58 |
+-------------------------------------------------------------------+-------+


2. Flip-Flop Distribution
-------------------------

+--------------+-----------------------+------------------------+-----------------+--------------+
| Clock Enable | Synchronous Set/Reset | Asynchronous Set/Reset | Total Registers | Total Slices |
+--------------+-----------------------+------------------------+-----------------+--------------+
| No           | No                    | No                     |              27 |           13 |
| No           | No                    | Yes                    |               8 |            4 |
| No           | Yes                   | No                     |              34 |           13 |
| Yes          | No                    | No                     |               6 |            2 |
| Yes          | No                    | Yes                    |              29 |            8 |
| Yes          | Yes                   | No                     |              38 |           17 |
+--------------+-----------------------+------------------------+-----------------+--------------+


3. Detailed Control Set Information
-----------------------------------

+----------------------+----------------------------------------+-------------------------------+------------------+----------------+
|     Clock Signal     |              Enable Signal             |        Set/Reset Signal       | Slice Load Count | Bel Load Count |
+----------------------+----------------------------------------+-------------------------------+------------------+----------------+
|  CLK100MHZ_IBUF_BUFG | vga_driver/frame_cnt0                  |                               |                2 |              6 |
|  CLK100MHZ_IBUF_BUFG |                                        | engine/u_menu/x_reg[1]_0      |                4 |              8 |
|  CLK100MHZ_IBUF_BUFG | engine/p_ctrl/x[9]_i_1_n_0             | engine/u_menu/x_reg[1]_0      |                3 |              9 |
|  CLK100MHZ_IBUF_BUFG | engine/bullet_inst/bullet_y[9]_i_1_n_0 | engine/u_menu/x_reg[1]_0      |                4 |              9 |
|  CLK100MHZ_IBUF_BUFG | engine/bullet_inst/active0             | engine/u_menu/x_reg[1]_0      |                4 |              9 |
|  CLK100MHZ_IBUF_BUFG | vga_driver/xc_next[9]_i_2_n_0          | vga_driver/xc_next0           |                5 |             10 |
|  CLK100MHZ_IBUF_BUFG | vga_driver/xc_next0                    | vga_driver/yc_next[9]_i_1_n_0 |                4 |             10 |
|  CLK100MHZ_IBUF_BUFG | engine/e_ctrl/group_y[9]_i_1_n_0       | engine/u_menu/x_reg[1]_0      |                2 |             10 |
|  CLK100MHZ_IBUF_BUFG | engine/e_ctrl/group_x[9]_i_1_n_0       | engine/u_menu/x_reg[1]_0      |                3 |             10 |
|  CLK100MHZ_IBUF_BUFG |                                        |                               |               13 |             27 |
|  CLK100MHZ_IBUF_BUFG |                                        | BTNC_IBUF                     |               13 |             34 |
+----------------------+----------------------------------------+-------------------------------+------------------+----------------+


